<?xml version="1.0" encoding="UTF-8"?>
<!-- Generated by org.testng.reporters.JUnitReportReporter -->
<testsuite hostname="ANIMESH-PC" name="Git_Example.NewTest" tests="1" failures="0" timestamp="28 Mar 2020 16:06:38 GMT" time="0.013" errors="0">
  <testcase name="f" time="0.013" classname="Git_Example.NewTest"/>
</testsuite> <!-- Git_Example.NewTest -->
